<?xml version="1.0" encoding="UTF-8"?>
<testng-results skipped="0" failed="0" ignored="0" total="2" passed="2">
  <reporter-output>
  </reporter-output>
  <suite name="Default suite" duration-ms="14403" started-at="2023-09-17T11:40:43Z" finished-at="2023-09-17T11:40:57Z">
    <groups>
    </groups>
    <test name="Default test" duration-ms="14403" started-at="2023-09-17T11:40:43Z" finished-at="2023-09-17T11:40:57Z">
      <class name="com.tests.LoginTest">
        <test-method status="PASS" signature="test01()[pri:0, instance:com.tests.LoginTest@2a5ca609]" name="test01" duration-ms="6656" started-at="2023-09-17T17:10:43Z" finished-at="2023-09-17T17:10:49Z">
          <reporter-output>
          </reporter-output>
        </test-method> <!-- test01 -->
        <test-method status="PASS" signature="test02()[pri:0, instance:com.tests.LoginTest@2a5ca609]" name="test02" duration-ms="7696" started-at="2023-09-17T17:10:49Z" finished-at="2023-09-17T17:10:57Z">
          <reporter-output>
          </reporter-output>
        </test-method> <!-- test02 -->
      </class> <!-- com.tests.LoginTest -->
    </test> <!-- Default test -->
  </suite> <!-- Default suite -->
</testng-results>
